2024-03-15 15:14:24,207 - DEBUG - Скрипт запущен
2024-03-15 15:26:26,004 - DEBUG - Скрипт запущен
2024-03-15 15:26:26,004 - INFO - Чтение файла comments.txt
2024-03-15 15:26:26,005 - INFO - Чтение файла setting.txt
2024-03-15 15:26:26,006 - INFO - Подключение к аккаунтам VK
2024-03-15 15:26:26,006 - INFO - Успешное подключение к аккаунту с номером 89785643518
2024-03-15 15:26:26,006 - ERROR - Ошибка подключения аккаунта с номером : list index out of range
2024-03-15 15:26:26,008 - INFO - Поток запущен для аккаунта <vk_api.vk_api.VkApiMethod object at 0x00000242F479A200>
2024-03-15 15:35:57,331 - DEBUG - Скрипт запущен
2024-03-15 15:35:57,331 - INFO - Чтение файла comments.txt
2024-03-15 15:35:57,331 - INFO - Чтение файла setting.txt
2024-03-15 15:35:57,333 - INFO - Подключение к аккаунтам VK
2024-03-15 15:35:57,333 - INFO - Успешное подключение к аккаунту с номером 89785643518
2024-03-15 15:35:57,333 - ERROR - Ошибка подключения аккаунта с номером : list index out of range
2024-03-15 15:35:57,334 - INFO - Поток запущен для аккаунта <vk_api.vk_api.VkApiMethod object at 0x00000202C0CBA260>
2024-03-15 15:36:28,122 - DEBUG - Скрипт запущен
2024-03-15 15:36:28,123 - INFO - Чтение файла comments.txt
2024-03-15 15:36:28,123 - INFO - Чтение файла setting.txt
2024-03-15 15:36:28,128 - INFO - Подключение к аккаунтам VK
2024-03-15 15:36:28,129 - INFO - Успешное подключение к аккаунту с номером 79785643518
2024-03-15 15:36:28,129 - ERROR - Ошибка подключения аккаунта с номером : list index out of range
2024-03-15 15:36:28,130 - INFO - Поток запущен для аккаунта <vk_api.vk_api.VkApiMethod object at 0x00000238D111A2F0>
2024-03-15 15:51:52,284 - DEBUG - Скрипт запущен
2024-03-15 15:51:52,284 - INFO - Чтение файла comments.txt
2024-03-15 15:51:52,285 - INFO - Чтение файла setting.txt
2024-03-15 15:51:52,289 - INFO - Подключение к аккаунтам VK
2024-03-15 15:51:52,290 - INFO - Успешное подключение к аккаунту с номером 79206629084
2024-03-15 15:51:52,290 - ERROR - Ошибка подключения аккаунта с номером : list index out of range
2024-03-15 15:51:52,291 - INFO - Поток запущен для аккаунта <vk_api.vk_api.VkApiMethod object at 0x000002A7331FA2F0>
2024-03-15 15:57:01,432 - DEBUG - Скрипт запущен
2024-03-15 15:57:01,432 - INFO - Чтение файла comments.txt
2024-03-15 15:57:01,433 - INFO - Чтение файла setting.txt
2024-03-15 15:57:01,437 - INFO - Подключение к аккаунтам VK
2024-03-15 15:57:01,438 - INFO - Успешное подключение к аккаунту с номером 79206629084
2024-03-15 15:57:01,438 - ERROR - Ошибка подключения аккаунта с номером : list index out of range
2024-03-15 15:57:01,439 - INFO - Поток запущен для аккаунта <vk_api.vk_api.VkApiMethod object at 0x0000029E4863A3B0>
2024-03-15 20:01:49,185 - DEBUG - Скрипт запущен
2024-03-15 20:01:49,185 - INFO - Чтение файла comments.txt
2024-03-15 20:01:49,197 - INFO - Чтение файла setting.txt
2024-03-15 20:01:49,215 - INFO - Подключение к аккаунтам VK
2024-03-15 20:01:49,232 - INFO - Успешное подключение к аккаунту с номером 79206629084
2024-03-15 20:01:49,232 - ERROR - Ошибка подключения аккаунта с номером : list index out of range
2024-03-15 20:01:49,234 - INFO - Поток запущен для аккаунта <vk_api.vk_api.VkApiMethod object at 0x0000016D0A59A3B0>
